<?xml version="1.0" encoding="UTF-8"?>
<testng-results ignored="0" total="2" passed="2" failed="0" skipped="0">
  <reporter-output>
  </reporter-output>
  <suite started-at="2023-02-13T22:47:15 CET" name="Suite" finished-at="2023-02-13T22:47:44 CET" duration-ms="28191">
    <groups>
    </groups>
    <test started-at="2023-02-13T22:47:15 CET" name="Test" finished-at="2023-02-13T22:47:44 CET" duration-ms="28191">
      <class name="TestCase3.LoginIncorrect">
        <test-method signature="loginWrongData()[pri:0, instance:TestCase3.LoginIncorrect@2805d709]" started-at="2023-02-13T22:47:29 CET" name="loginWrongData" finished-at="2023-02-13T22:47:44 CET" duration-ms="14763" status="PASS">
          <reporter-output>
          </reporter-output>
        </test-method> <!-- loginWrongData -->
      </class> <!-- TestCase3.LoginIncorrect -->
      <class name="TestCase17.RemoveProductsFromCart">
        <test-method signature="removeProductFromCart()[pri:0, instance:TestCase17.RemoveProductsFromCart@5d7148e2]" started-at="2023-02-13T22:47:15 CET" name="removeProductFromCart" finished-at="2023-02-13T22:47:29 CET" duration-ms="13391" status="PASS">
          <reporter-output>
          </reporter-output>
        </test-method> <!-- removeProductFromCart -->
      </class> <!-- TestCase17.RemoveProductsFromCart -->
    </test> <!-- Test -->
  </suite> <!-- Suite -->
</testng-results>
