<?xml version="1.0" encoding="UTF-8"?>
<testng-results ignored="0" total="1" passed="1" failed="0" skipped="0">
  <reporter-output>
  </reporter-output>
  <suite started-at="2023-02-26T23:25:52 CET" name="Default suite" finished-at="2023-02-26T23:26:13 CET" duration-ms="20979">
    <groups>
    </groups>
    <test started-at="2023-02-26T23:25:52 CET" name="Default test" finished-at="2023-02-26T23:26:13 CET" duration-ms="20979">
      <class name="testCase1.TestCase1">
        <test-method signature="registerUser()[pri:0, instance:testCase1.TestCase1@f5acb9d]" started-at="2023-02-26T23:25:52 CET" name="registerUser" finished-at="2023-02-26T23:26:13 CET" duration-ms="20937" status="PASS">
          <reporter-output>
          </reporter-output>
        </test-method> <!-- registerUser -->
      </class> <!-- testCase1.TestCase1 -->
    </test> <!-- Default test -->
  </suite> <!-- Default suite -->
</testng-results>
